<?xml version="1.0" encoding="UTF-8"?>
<!-- Generated by org.testng.reporters.JUnitReportReporter -->
<testsuite hostname="LAPTOP-JT7OLNTB" failures="0" tests="6" name="stockSummary.Stock_summary_general" time="58.646" errors="0" timestamp="2024-12-16T10:26:55 IST" skipped="0">
  <testcase classname="stockSummary.Stock_summary_general" name="testFilters" time="10.263"/>
  <system-out/>
  <testcase classname="stockSummary.Stock_summary_general" name="testFilters" time="7.141"/>
  <system-out/>
  <testcase classname="stockSummary.Stock_summary_general" name="testFilters" time="8.956"/>
  <system-out/>
  <testcase classname="stockSummary.Stock_summary_general" name="testFilters" time="15.562"/>
  <system-out/>
  <testcase classname="stockSummary.Stock_summary_general" name="testFilters" time="7.129"/>
  <system-out/>
  <testcase classname="stockSummary.Stock_summary_general" name="testFilters" time="9.595"/>
  <system-out/>
</testsuite> <!-- stockSummary.Stock_summary_general -->
