<?xml version="1.0" encoding="UTF-8"?>
<!-- Generated by org.testng.reporters.JUnitReportReporter -->
<testsuite hostname="LAPTOP-JT7OLNTB" failures="0" tests="6" name="stockSummary.Stock_summary_general" time="70.844" errors="0" timestamp="2024-12-26T18:14:07 IST" skipped="0">
  <testcase classname="stockSummary.Stock_summary_general" name="testFilters" time="8.199"/>
  <system-out/>
  <testcase classname="stockSummary.Stock_summary_general" name="testFilters" time="12.762"/>
  <system-out/>
  <testcase classname="stockSummary.Stock_summary_general" name="testFilters" time="18.574"/>
  <system-out/>
  <testcase classname="stockSummary.Stock_summary_general" name="testFilters" time="13.457"/>
  <system-out/>
  <testcase classname="stockSummary.Stock_summary_general" name="testFilters" time="8.756"/>
  <system-out/>
  <testcase classname="stockSummary.Stock_summary_general" name="testFilters" time="9.096"/>
  <system-out/>
</testsuite> <!-- stockSummary.Stock_summary_general -->
